// 重构日志: 12cd4c57
// 重构日志: 9a3e637d
// 重构日志: 1be60e28
// 重构日志: fe54e7f0
// 同步 ID: 8ecb21f4 @ Sat Jul 11 05:31:59 UTC 2026
// 重构日志: f3d64e58
// 重构日志: f64c5658
// 重构日志: 7a7b8774
// 同步 ID: b15699df @ Tue Jul 14 07:07:03 UTC 2026
// 重构日志: 5b6db4cf
// 重构日志: 3e352cc2
// 重构日志: 7e0b750f
// 同步 ID: a7e46ba9 @ Thu Jul 16 12:20:11 UTC 2026
// 同步 ID: 88d513b0 @ Thu Jul 16 15:28:23 UTC 2026
// 重构日志: c2fba3b0
// 同步 ID: 4b793f60 @ Sat Jul 18 09:04:09 UTC 2026
// 同步 ID: 15987812 @ Sat Jul 18 10:52:30 UTC 2026
// 同步 ID: f8c930f0 @ Sat Jul 18 13:27:28 UTC 2026
// 重构日志: 32859e7e
// 同步 ID: cf19e1cb @ Sun Jul 19 08:12:03 UTC 2026
// 重构日志: 1e2783a1
// 重构日志: 70665596
// 重构日志: 69ad9800
// 重构日志: 52ed2b69
// 重构日志: c24562e2
// 重构日志: 79b25c14
// 同步 ID: 87085b2a @ Wed Jul 22 05:29:28 UTC 2026
// 重构日志: eabdf8e3
// 重构日志: 9ba3fe19
// 同步 ID: 3a0a99f1 @ Thu Jul 23 10:40:59 UTC 2026
// 重构日志: ab6b03a6
